SF:lib/core/network/network_info.dart
DA:10,1
DA:12,1
DA:13,2
LF:3
LH:3
end_of_record
SF:lib/core/util/input_converter.dart
DA:5,1
DA:7,1
DA:8,1
DA:9,1
DA:10,1
DA:11,2
LF:6
LH:6
end_of_record
SF:lib/core/error/failures.dart
DA:4,2
DA:5,2
LF:2
LH:2
end_of_record
SF:lib/features/number_trivia/data/datasources/number_trivia_remote_data_source.dart
DA:23,1
DA:25,1
DA:27,2
DA:29,1
DA:31,1
DA:33,1
DA:34,3
DA:35,1
DA:36,1
DA:41,2
DA:42,3
DA:44,1
LF:12
LH:12
end_of_record
SF:lib/features/number_trivia/data/models/number_trivia_model.dart
DA:4,6
DA:7,4
DA:9,3
DA:10,3
DA:11,3
DA:12,6
DA:16,2
DA:17,2
DA:18,2
DA:19,2
LF:10
LH:10
end_of_record
SF:lib/features/number_trivia/domain/entities/number_trivia.dart
DA:7,9
DA:12,5
DA:13,15
LF:3
LH:3
end_of_record
SF:lib/core/usecases/usecase.dart
DA:11,1
DA:12,1
LF:2
LH:2
end_of_record
SF:lib/features/number_trivia/domain/usecases/get_concrete_number_trivia.dart
DA:12,1
DA:15,1
DA:16,4
DA:23,3
DA:25,1
DA:26,2
LF:6
LH:6
end_of_record
SF:lib/features/number_trivia/data/datasources/number_trivia_local_data_source.dart
DA:23,1
DA:25,1
DA:27,2
DA:29,3
DA:31,1
DA:35,1
DA:37,2
DA:39,2
LF:8
LH:8
end_of_record
SF:lib/features/number_trivia/data/repositories/number_trivia_repository_impl.dart
DA:19,1
DA:26,1
DA:29,3
DA:30,2
DA:35,1
DA:36,3
DA:37,2
DA:41,1
DA:44,3
DA:46,1
DA:47,3
DA:48,1
DA:49,1
DA:51,1
DA:52,1
DA:53,2
DA:57,3
DA:58,1
DA:59,1
DA:60,2
LF:20
LH:20
end_of_record
SF:lib/features/number_trivia/domain/usecases/get_random_number_trivia.dart
DA:11,1
DA:14,1
DA:15,3
LF:3
LH:3
end_of_record
SF:lib/features/number_trivia/presentation/bloc/number_trivia_bloc.dart
DA:49,1
DA:55,1
DA:56,2
DA:59,1
DA:60,1
DA:61,1
DA:62,2
DA:63,2
DA:67,1
DA:68,2
DA:69,1
DA:70,0
DA:71,1
DA:72,2
DA:74,4
DA:75,1
DA:80,1
DA:81,2
DA:83,4
DA:84,1
DA:87,1
DA:88,1
DA:89,0
DA:90,4
DA:94,0
DA:95,0
DA:96,0
DA:98,0
LF:28
LH:22
end_of_record
